app/build/intermediates/manifest_merge_blame_file/debug/manifest-merger-blame-debug-report.txt
1<?xml version="1.0" encoding="utf-8"?>
2<manifest xmlns:android="http://schemas.android.com/apk/res/android"
3    package="com.balancetech.sitemanagement"
4    android:versionCode="1"
5    android:versionName="1.0" >
6
7    <uses-sdk
8        android:minSdkVersion="26"
9        android:targetSdkVersion="34" />
10
11    <uses-permission
11-->src/main/AndroidManifest.xml:5:5-6:38
12        android:name="android.permission.WRITE_EXTERNAL_STORAGE"
12-->src/main/AndroidManifest.xml:5:22-78
13        android:maxSdkVersion="32" />
13-->src/main/AndroidManifest.xml:6:9-35
14    <uses-permission
14-->src/main/AndroidManifest.xml:7:5-8:38
15        android:name="android.permission.READ_EXTERNAL_STORAGE"
15-->src/main/AndroidManifest.xml:7:22-77
16        android:maxSdkVersion="32" />
16-->src/main/AndroidManifest.xml:8:9-35
17    <uses-permission android:name="android.permission.INTERNET" />
17-->[com.google.firebase:firebase-auth:22.3.0] AndroidManifest.xml:25:5-67
17-->[com.google.firebase:firebase-auth:22.3.0] AndroidManifest.xml:25:22-64
18    <uses-permission android:name="android.permission.ACCESS_NETWORK_STATE" />
18-->[com.google.firebase:firebase-auth:22.3.0] AndroidManifest.xml:26:5-79
18-->[com.google.firebase:firebase-auth:22.3.0] AndroidManifest.xml:26:22-76
19    <uses-permission android:name="android.permission.WAKE_LOCK" /> <!-- Required by older versions of Google Play services to create IID tokens -->
19-->[com.google.firebase:firebase-iid:21.1.0] AndroidManifest.xml:24:5-68
19-->[com.google.firebase:firebase-iid:21.1.0] AndroidManifest.xml:24:22-65
20    <uses-permission android:name="com.google.android.c2dm.permission.RECEIVE" />
20-->[com.google.firebase:firebase-iid:21.1.0] AndroidManifest.xml:26:5-82
20-->[com.google.firebase:firebase-iid:21.1.0] AndroidManifest.xml:26:22-79
21
22    <permission
22-->[androidx.core:core:1.12.0] AndroidManifest.xml:22:5-24:47
23        android:name="com.balancetech.sitemanagement.DYNAMIC_RECEIVER_NOT_EXPORTED_PERMISSION"
23-->[androidx.core:core:1.12.0] AndroidManifest.xml:23:9-81
24        android:protectionLevel="signature" />
24-->[androidx.core:core:1.12.0] AndroidManifest.xml:24:9-44
25
26    <uses-permission android:name="com.balancetech.sitemanagement.DYNAMIC_RECEIVER_NOT_EXPORTED_PERMISSION" />
26-->[androidx.core:core:1.12.0] AndroidManifest.xml:26:5-97
26-->[androidx.core:core:1.12.0] AndroidManifest.xml:26:22-94
27
28    <application
28-->src/main/AndroidManifest.xml:10:5-40:19
29        android:name="com.balancetech.sitemanagement.SiteManagementApplication"
29-->src/main/AndroidManifest.xml:11:9-50
30        android:allowBackup="true"
30-->src/main/AndroidManifest.xml:12:9-35
31        android:appComponentFactory="androidx.core.app.CoreComponentFactory"
31-->[androidx.core:core:1.12.0] AndroidManifest.xml:28:18-86
32        android:dataExtractionRules="@xml/data_extraction_rules"
32-->src/main/AndroidManifest.xml:13:9-65
33        android:debuggable="true"
34        android:extractNativeLibs="false"
35        android:fullBackupContent="@xml/backup_rules"
35-->src/main/AndroidManifest.xml:14:9-54
36        android:icon="@drawable/ic_launcher"
36-->src/main/AndroidManifest.xml:15:9-45
37        android:label="@string/app_name"
37-->src/main/AndroidManifest.xml:16:9-41
38        android:roundIcon="@drawable/ic_launcher"
38-->src/main/AndroidManifest.xml:17:9-50
39        android:supportsRtl="true"
39-->src/main/AndroidManifest.xml:18:9-35
40        android:testOnly="true"
41        android:theme="@style/Theme.KucukyaliSiteYonetimi" >
41-->src/main/AndroidManifest.xml:19:9-59
42        <activity
42-->src/main/AndroidManifest.xml:21:9-29:20
43            android:name="com.balancetech.sitemanagement.MainActivity"
43-->src/main/AndroidManifest.xml:22:13-41
44            android:exported="true"
44-->src/main/AndroidManifest.xml:23:13-36
45            android:theme="@style/Theme.KucukyaliSiteYonetimi" >
45-->src/main/AndroidManifest.xml:24:13-63
46            <intent-filter>
46-->src/main/AndroidManifest.xml:25:13-28:29
47                <action android:name="android.intent.action.MAIN" />
47-->src/main/AndroidManifest.xml:26:17-69
47-->src/main/AndroidManifest.xml:26:25-66
48
49                <category android:name="android.intent.category.LAUNCHER" />
49-->src/main/AndroidManifest.xml:27:17-77
49-->src/main/AndroidManifest.xml:27:27-74
50            </intent-filter>
51        </activity>
52
53        <provider
53-->src/main/AndroidManifest.xml:31:9-39:20
54            android:name="androidx.core.content.FileProvider"
54-->src/main/AndroidManifest.xml:32:13-62
55            android:authorities="com.balancetech.sitemanagement.fileprovider"
55-->src/main/AndroidManifest.xml:33:13-78
56            android:exported="false"
56-->src/main/AndroidManifest.xml:34:13-37
57            android:grantUriPermissions="true" >
57-->src/main/AndroidManifest.xml:35:13-47
58            <meta-data
58-->src/main/AndroidManifest.xml:36:13-38:54
59                android:name="android.support.FILE_PROVIDER_PATHS"
59-->src/main/AndroidManifest.xml:37:17-67
60                android:resource="@xml/file_paths" />
60-->src/main/AndroidManifest.xml:38:17-51
61        </provider>
62
63        <service
63-->[com.google.firebase:firebase-auth-ktx:22.3.0] AndroidManifest.xml:8:9-14:19
64            android:name="com.google.firebase.components.ComponentDiscoveryService"
64-->[com.google.firebase:firebase-auth-ktx:22.3.0] AndroidManifest.xml:9:13-84
65            android:directBootAware="true"
65-->[com.google.firebase:firebase-common:20.4.2] AndroidManifest.xml:32:13-43
66            android:exported="false" >
66-->[com.google.firebase:firebase-auth-ktx:22.3.0] AndroidManifest.xml:10:13-37
67            <meta-data
67-->[com.google.firebase:firebase-auth-ktx:22.3.0] AndroidManifest.xml:11:13-13:85
68                android:name="com.google.firebase.components:com.google.firebase.auth.ktx.FirebaseAuthLegacyRegistrar"
68-->[com.google.firebase:firebase-auth-ktx:22.3.0] AndroidManifest.xml:12:17-119
69                android:value="com.google.firebase.components.ComponentRegistrar" />
69-->[com.google.firebase:firebase-auth-ktx:22.3.0] AndroidManifest.xml:13:17-82
70            <meta-data
70-->[com.google.firebase:firebase-auth:22.3.0] AndroidManifest.xml:69:13-71:85
71                android:name="com.google.firebase.components:com.google.firebase.auth.FirebaseAuthRegistrar"
71-->[com.google.firebase:firebase-auth:22.3.0] AndroidManifest.xml:70:17-109
72                android:value="com.google.firebase.components.ComponentRegistrar" />
72-->[com.google.firebase:firebase-auth:22.3.0] AndroidManifest.xml:71:17-82
73            <meta-data
73-->[com.google.firebase:firebase-functions-ktx:20.4.0] AndroidManifest.xml:12:13-14:85
74                android:name="com.google.firebase.components:com.google.firebase.functions.ktx.FirebaseFunctionsLegacyRegistrar"
74-->[com.google.firebase:firebase-functions-ktx:20.4.0] AndroidManifest.xml:13:17-129
75                android:value="com.google.firebase.components.ComponentRegistrar" />
75-->[com.google.firebase:firebase-functions-ktx:20.4.0] AndroidManifest.xml:14:17-82
76            <meta-data
76-->[com.google.firebase:firebase-storage-ktx:20.3.0] AndroidManifest.xml:12:13-14:85
77                android:name="com.google.firebase.components:com.google.firebase.storage.ktx.FirebaseStorageLegacyRegistrar"
77-->[com.google.firebase:firebase-storage-ktx:20.3.0] AndroidManifest.xml:13:17-125
78                android:value="com.google.firebase.components.ComponentRegistrar" />
78-->[com.google.firebase:firebase-storage-ktx:20.3.0] AndroidManifest.xml:14:17-82
79            <meta-data
79-->[com.google.firebase:firebase-firestore-ktx:24.10.0] AndroidManifest.xml:12:13-14:85
80                android:name="com.google.firebase.components:com.google.firebase.firestore.ktx.FirebaseFirestoreLegacyRegistrar"
80-->[com.google.firebase:firebase-firestore-ktx:24.10.0] AndroidManifest.xml:13:17-129
81                android:value="com.google.firebase.components.ComponentRegistrar" />
81-->[com.google.firebase:firebase-firestore-ktx:24.10.0] AndroidManifest.xml:14:17-82
82            <meta-data
82-->[com.google.firebase:firebase-functions:20.4.0] AndroidManifest.xml:15:13-17:85
83                android:name="com.google.firebase.components:com.google.firebase.functions.FirebaseFunctionsKtxRegistrar"
83-->[com.google.firebase:firebase-functions:20.4.0] AndroidManifest.xml:16:17-122
84                android:value="com.google.firebase.components.ComponentRegistrar" />
84-->[com.google.firebase:firebase-functions:20.4.0] AndroidManifest.xml:17:17-82
85            <meta-data
85-->[com.google.firebase:firebase-functions:20.4.0] AndroidManifest.xml:18:13-20:85
86                android:name="com.google.firebase.components:com.google.firebase.functions.FunctionsRegistrar"
86-->[com.google.firebase:firebase-functions:20.4.0] AndroidManifest.xml:19:17-111
87                android:value="com.google.firebase.components.ComponentRegistrar" />
87-->[com.google.firebase:firebase-functions:20.4.0] AndroidManifest.xml:20:17-82
88            <meta-data
88-->[com.google.firebase:firebase-storage:20.3.0] AndroidManifest.xml:30:13-32:85
89                android:name="com.google.firebase.components:com.google.firebase.storage.FirebaseStorageKtxRegistrar"
89-->[com.google.firebase:firebase-storage:20.3.0] AndroidManifest.xml:31:17-118
90                android:value="com.google.firebase.components.ComponentRegistrar" />
90-->[com.google.firebase:firebase-storage:20.3.0] AndroidManifest.xml:32:17-82
91            <meta-data
91-->[com.google.firebase:firebase-storage:20.3.0] AndroidManifest.xml:33:13-35:85
92                android:name="com.google.firebase.components:com.google.firebase.storage.StorageRegistrar"
92-->[com.google.firebase:firebase-storage:20.3.0] AndroidManifest.xml:34:17-107
93                android:value="com.google.firebase.components.ComponentRegistrar" />
93-->[com.google.firebase:firebase-storage:20.3.0] AndroidManifest.xml:35:17-82
94            <meta-data
94-->[com.google.firebase:firebase-firestore:24.10.0] AndroidManifest.xml:17:13-19:85
95                android:name="com.google.firebase.components:com.google.firebase.firestore.FirebaseFirestoreKtxRegistrar"
95-->[com.google.firebase:firebase-firestore:24.10.0] AndroidManifest.xml:18:17-122
96                android:value="com.google.firebase.components.ComponentRegistrar" />
96-->[com.google.firebase:firebase-firestore:24.10.0] AndroidManifest.xml:19:17-82
97            <meta-data
97-->[com.google.firebase:firebase-firestore:24.10.0] AndroidManifest.xml:20:13-22:85
98                android:name="com.google.firebase.components:com.google.firebase.firestore.FirestoreRegistrar"
98-->[com.google.firebase:firebase-firestore:24.10.0] AndroidManifest.xml:21:17-111
99                android:value="com.google.firebase.components.ComponentRegistrar" />
99-->[com.google.firebase:firebase-firestore:24.10.0] AndroidManifest.xml:22:17-82
100            <meta-data
100-->[com.google.firebase:firebase-appcheck:17.1.1] AndroidManifest.xml:25:13-27:85
101                android:name="com.google.firebase.components:com.google.firebase.appcheck.FirebaseAppCheckKtxRegistrar"
101-->[com.google.firebase:firebase-appcheck:17.1.1] AndroidManifest.xml:26:17-120
102                android:value="com.google.firebase.components.ComponentRegistrar" />
102-->[com.google.firebase:firebase-appcheck:17.1.1] AndroidManifest.xml:27:17-82
103            <meta-data
103-->[com.google.firebase:firebase-appcheck:17.1.1] AndroidManifest.xml:28:13-30:85
104                android:name="com.google.firebase.components:com.google.firebase.appcheck.FirebaseAppCheckRegistrar"
104-->[com.google.firebase:firebase-appcheck:17.1.1] AndroidManifest.xml:29:17-117
105                android:value="com.google.firebase.components.ComponentRegistrar" />
105-->[com.google.firebase:firebase-appcheck:17.1.1] AndroidManifest.xml:30:17-82
106            <meta-data
106-->[com.google.firebase:firebase-iid:21.1.0] AndroidManifest.xml:32:13-34:85
107                android:name="com.google.firebase.components:com.google.firebase.iid.Registrar"
107-->[com.google.firebase:firebase-iid:21.1.0] AndroidManifest.xml:33:17-96
108                android:value="com.google.firebase.components.ComponentRegistrar" />
108-->[com.google.firebase:firebase-iid:21.1.0] AndroidManifest.xml:34:17-82
109            <meta-data
109-->[com.google.firebase:firebase-installations:17.2.0] AndroidManifest.xml:15:13-17:85
110                android:name="com.google.firebase.components:com.google.firebase.installations.FirebaseInstallationsKtxRegistrar"
110-->[com.google.firebase:firebase-installations:17.2.0] AndroidManifest.xml:16:17-130
111                android:value="com.google.firebase.components.ComponentRegistrar" />
111-->[com.google.firebase:firebase-installations:17.2.0] AndroidManifest.xml:17:17-82
112            <meta-data
112-->[com.google.firebase:firebase-installations:17.2.0] AndroidManifest.xml:18:13-20:85
113                android:name="com.google.firebase.components:com.google.firebase.installations.FirebaseInstallationsRegistrar"
113-->[com.google.firebase:firebase-installations:17.2.0] AndroidManifest.xml:19:17-127
114                android:value="com.google.firebase.components.ComponentRegistrar" />
114-->[com.google.firebase:firebase-installations:17.2.0] AndroidManifest.xml:20:17-82
115            <meta-data
115-->[com.google.firebase:firebase-common-ktx:20.4.2] AndroidManifest.xml:12:13-14:85
116                android:name="com.google.firebase.components:com.google.firebase.ktx.FirebaseCommonLegacyRegistrar"
116-->[com.google.firebase:firebase-common-ktx:20.4.2] AndroidManifest.xml:13:17-116
117                android:value="com.google.firebase.components.ComponentRegistrar" />
117-->[com.google.firebase:firebase-common-ktx:20.4.2] AndroidManifest.xml:14:17-82
118            <meta-data
118-->[com.google.firebase:firebase-common:20.4.2] AndroidManifest.xml:35:13-37:85
119                android:name="com.google.firebase.components:com.google.firebase.FirebaseCommonKtxRegistrar"
119-->[com.google.firebase:firebase-common:20.4.2] AndroidManifest.xml:36:17-109
120                android:value="com.google.firebase.components.ComponentRegistrar" />
120-->[com.google.firebase:firebase-common:20.4.2] AndroidManifest.xml:37:17-82
121        </service>
122
123        <activity
123-->[com.google.firebase:firebase-auth:22.3.0] AndroidManifest.xml:29:9-46:20
124            android:name="com.google.firebase.auth.internal.GenericIdpActivity"
124-->[com.google.firebase:firebase-auth:22.3.0] AndroidManifest.xml:30:13-80
125            android:excludeFromRecents="true"
125-->[com.google.firebase:firebase-auth:22.3.0] AndroidManifest.xml:31:13-46
126            android:exported="true"
126-->[com.google.firebase:firebase-auth:22.3.0] AndroidManifest.xml:32:13-36
127            android:launchMode="singleTask"
127-->[com.google.firebase:firebase-auth:22.3.0] AndroidManifest.xml:33:13-44
128            android:theme="@android:style/Theme.Translucent.NoTitleBar" >
128-->[com.google.firebase:firebase-auth:22.3.0] AndroidManifest.xml:34:13-72
129            <intent-filter>
129-->[com.google.firebase:firebase-auth:22.3.0] AndroidManifest.xml:35:13-45:29
130                <action android:name="android.intent.action.VIEW" />
130-->[com.google.firebase:firebase-auth:22.3.0] AndroidManifest.xml:36:17-69
130-->[com.google.firebase:firebase-auth:22.3.0] AndroidManifest.xml:36:25-66
131
132                <category android:name="android.intent.category.DEFAULT" />
132-->[com.google.firebase:firebase-auth:22.3.0] AndroidManifest.xml:38:17-76
132-->[com.google.firebase:firebase-auth:22.3.0] AndroidManifest.xml:38:27-73
133                <category android:name="android.intent.category.BROWSABLE" />
133-->[com.google.firebase:firebase-auth:22.3.0] AndroidManifest.xml:39:17-78
133-->[com.google.firebase:firebase-auth:22.3.0] AndroidManifest.xml:39:27-75
134
135                <data
135-->[com.google.firebase:firebase-auth:22.3.0] AndroidManifest.xml:41:17-44:51
136                    android:host="firebase.auth"
136-->[com.google.firebase:firebase-auth:22.3.0] AndroidManifest.xml:42:21-49
137                    android:path="/"
137-->[com.google.firebase:firebase-auth:22.3.0] AndroidManifest.xml:43:21-37
138                    android:scheme="genericidp" />
138-->[com.google.firebase:firebase-auth:22.3.0] AndroidManifest.xml:44:21-48
139            </intent-filter>
140        </activity>
141        <activity
141-->[com.google.firebase:firebase-auth:22.3.0] AndroidManifest.xml:47:9-64:20
142            android:name="com.google.firebase.auth.internal.RecaptchaActivity"
142-->[com.google.firebase:firebase-auth:22.3.0] AndroidManifest.xml:48:13-79
143            android:excludeFromRecents="true"
143-->[com.google.firebase:firebase-auth:22.3.0] AndroidManifest.xml:49:13-46
144            android:exported="true"
144-->[com.google.firebase:firebase-auth:22.3.0] AndroidManifest.xml:50:13-36
145            android:launchMode="singleTask"
145-->[com.google.firebase:firebase-auth:22.3.0] AndroidManifest.xml:51:13-44
146            android:theme="@android:style/Theme.Translucent.NoTitleBar" >
146-->[com.google.firebase:firebase-auth:22.3.0] AndroidManifest.xml:52:13-72
147            <intent-filter>
147-->[com.google.firebase:firebase-auth:22.3.0] AndroidManifest.xml:53:13-63:29
148                <action android:name="android.intent.action.VIEW" />
148-->[com.google.firebase:firebase-auth:22.3.0] AndroidManifest.xml:36:17-69
148-->[com.google.firebase:firebase-auth:22.3.0] AndroidManifest.xml:36:25-66
149
150                <category android:name="android.intent.category.DEFAULT" />
150-->[com.google.firebase:firebase-auth:22.3.0] AndroidManifest.xml:38:17-76
150-->[com.google.firebase:firebase-auth:22.3.0] AndroidManifest.xml:38:27-73
151                <category android:name="android.intent.category.BROWSABLE" />
151-->[com.google.firebase:firebase-auth:22.3.0] AndroidManifest.xml:39:17-78
151-->[com.google.firebase:firebase-auth:22.3.0] AndroidManifest.xml:39:27-75
152
153                <data
153-->[com.google.firebase:firebase-auth:22.3.0] AndroidManifest.xml:41:17-44:51
154                    android:host="firebase.auth"
154-->[com.google.firebase:firebase-auth:22.3.0] AndroidManifest.xml:42:21-49
155                    android:path="/"
155-->[com.google.firebase:firebase-auth:22.3.0] AndroidManifest.xml:43:21-37
156                    android:scheme="recaptcha" />
156-->[com.google.firebase:firebase-auth:22.3.0] AndroidManifest.xml:44:21-48
157            </intent-filter>
158        </activity>
159
160        <provider
160-->[com.google.firebase:firebase-common:20.4.2] AndroidManifest.xml:23:9-28:39
161            android:name="com.google.firebase.provider.FirebaseInitProvider"
161-->[com.google.firebase:firebase-common:20.4.2] AndroidManifest.xml:24:13-77
162            android:authorities="com.balancetech.sitemanagement.firebaseinitprovider"
162-->[com.google.firebase:firebase-common:20.4.2] AndroidManifest.xml:25:13-72
163            android:directBootAware="true"
163-->[com.google.firebase:firebase-common:20.4.2] AndroidManifest.xml:26:13-43
164            android:exported="false"
164-->[com.google.firebase:firebase-common:20.4.2] AndroidManifest.xml:27:13-37
165            android:initOrder="100" />
165-->[com.google.firebase:firebase-common:20.4.2] AndroidManifest.xml:28:13-36
166        <provider
166-->[androidx.emoji2:emoji2:1.2.0] AndroidManifest.xml:24:9-32:20
167            android:name="androidx.startup.InitializationProvider"
167-->[androidx.emoji2:emoji2:1.2.0] AndroidManifest.xml:25:13-67
168            android:authorities="com.balancetech.sitemanagement.androidx-startup"
168-->[androidx.emoji2:emoji2:1.2.0] AndroidManifest.xml:26:13-68
169            android:exported="false" >
169-->[androidx.emoji2:emoji2:1.2.0] AndroidManifest.xml:27:13-37
170            <meta-data
170-->[androidx.emoji2:emoji2:1.2.0] AndroidManifest.xml:29:13-31:52
171                android:name="androidx.emoji2.text.EmojiCompatInitializer"
171-->[androidx.emoji2:emoji2:1.2.0] AndroidManifest.xml:30:17-75
172                android:value="androidx.startup" />
172-->[androidx.emoji2:emoji2:1.2.0] AndroidManifest.xml:31:17-49
173            <meta-data
173-->[androidx.lifecycle:lifecycle-process:2.7.0] AndroidManifest.xml:29:13-31:52
174                android:name="androidx.lifecycle.ProcessLifecycleInitializer"
174-->[androidx.lifecycle:lifecycle-process:2.7.0] AndroidManifest.xml:30:17-78
175                android:value="androidx.startup" />
175-->[androidx.lifecycle:lifecycle-process:2.7.0] AndroidManifest.xml:31:17-49
176            <meta-data
176-->[androidx.profileinstaller:profileinstaller:1.3.0] AndroidManifest.xml:29:13-31:52
177                android:name="androidx.profileinstaller.ProfileInstallerInitializer"
177-->[androidx.profileinstaller:profileinstaller:1.3.0] AndroidManifest.xml:30:17-85
178                android:value="androidx.startup" />
178-->[androidx.profileinstaller:profileinstaller:1.3.0] AndroidManifest.xml:31:17-49
179        </provider>
180
181        <activity
181-->[com.google.android.gms:play-services-base:18.1.0] AndroidManifest.xml:20:9-22:45
182            android:name="com.google.android.gms.common.api.GoogleApiActivity"
182-->[com.google.android.gms:play-services-base:18.1.0] AndroidManifest.xml:20:19-85
183            android:exported="false"
183-->[com.google.android.gms:play-services-base:18.1.0] AndroidManifest.xml:22:19-43
184            android:theme="@android:style/Theme.Translucent.NoTitleBar" />
184-->[com.google.android.gms:play-services-base:18.1.0] AndroidManifest.xml:21:19-78
185
186        <uses-library
186-->[androidx.window:window:1.0.0] AndroidManifest.xml:25:9-27:40
187            android:name="androidx.window.extensions"
187-->[androidx.window:window:1.0.0] AndroidManifest.xml:26:13-54
188            android:required="false" />
188-->[androidx.window:window:1.0.0] AndroidManifest.xml:27:13-37
189        <uses-library
189-->[androidx.window:window:1.0.0] AndroidManifest.xml:28:9-30:40
190            android:name="androidx.window.sidecar"
190-->[androidx.window:window:1.0.0] AndroidManifest.xml:29:13-51
191            android:required="false" />
191-->[androidx.window:window:1.0.0] AndroidManifest.xml:30:13-37
192
193        <service
193-->[androidx.room:room-runtime:2.6.1] AndroidManifest.xml:24:9-28:63
194            android:name="androidx.room.MultiInstanceInvalidationService"
194-->[androidx.room:room-runtime:2.6.1] AndroidManifest.xml:25:13-74
195            android:directBootAware="true"
195-->[androidx.room:room-runtime:2.6.1] AndroidManifest.xml:26:13-43
196            android:exported="false" />
196-->[androidx.room:room-runtime:2.6.1] AndroidManifest.xml:27:13-37
197
198        <meta-data
198-->[com.google.android.gms:play-services-basement:18.1.0] AndroidManifest.xml:21:9-23:69
199            android:name="com.google.android.gms.version"
199-->[com.google.android.gms:play-services-basement:18.1.0] AndroidManifest.xml:22:13-58
200            android:value="@integer/google_play_services_version" />
200-->[com.google.android.gms:play-services-basement:18.1.0] AndroidManifest.xml:23:13-66
201
202        <receiver
202-->[androidx.profileinstaller:profileinstaller:1.3.0] AndroidManifest.xml:34:9-52:20
203            android:name="androidx.profileinstaller.ProfileInstallReceiver"
203-->[androidx.profileinstaller:profileinstaller:1.3.0] AndroidManifest.xml:35:13-76
204            android:directBootAware="false"
204-->[androidx.profileinstaller:profileinstaller:1.3.0] AndroidManifest.xml:36:13-44
205            android:enabled="true"
205-->[androidx.profileinstaller:profileinstaller:1.3.0] AndroidManifest.xml:37:13-35
206            android:exported="true"
206-->[androidx.profileinstaller:profileinstaller:1.3.0] AndroidManifest.xml:38:13-36
207            android:permission="android.permission.DUMP" >
207-->[androidx.profileinstaller:profileinstaller:1.3.0] AndroidManifest.xml:39:13-57
208            <intent-filter>
208-->[androidx.profileinstaller:profileinstaller:1.3.0] AndroidManifest.xml:40:13-42:29
209                <action android:name="androidx.profileinstaller.action.INSTALL_PROFILE" />
209-->[androidx.profileinstaller:profileinstaller:1.3.0] AndroidManifest.xml:41:17-91
209-->[androidx.profileinstaller:profileinstaller:1.3.0] AndroidManifest.xml:41:25-88
210            </intent-filter>
211            <intent-filter>
211-->[androidx.profileinstaller:profileinstaller:1.3.0] AndroidManifest.xml:43:13-45:29
212                <action android:name="androidx.profileinstaller.action.SKIP_FILE" />
212-->[androidx.profileinstaller:profileinstaller:1.3.0] AndroidManifest.xml:44:17-85
212-->[androidx.profileinstaller:profileinstaller:1.3.0] AndroidManifest.xml:44:25-82
213            </intent-filter>
214            <intent-filter>
214-->[androidx.profileinstaller:profileinstaller:1.3.0] AndroidManifest.xml:46:13-48:29
215                <action android:name="androidx.profileinstaller.action.SAVE_PROFILE" />
215-->[androidx.profileinstaller:profileinstaller:1.3.0] AndroidManifest.xml:47:17-88
215-->[androidx.profileinstaller:profileinstaller:1.3.0] AndroidManifest.xml:47:25-85
216            </intent-filter>
217            <intent-filter>
217-->[androidx.profileinstaller:profileinstaller:1.3.0] AndroidManifest.xml:49:13-51:29
218                <action android:name="androidx.profileinstaller.action.BENCHMARK_OPERATION" />
218-->[androidx.profileinstaller:profileinstaller:1.3.0] AndroidManifest.xml:50:17-95
218-->[androidx.profileinstaller:profileinstaller:1.3.0] AndroidManifest.xml:50:25-92
219            </intent-filter>
220        </receiver>
221    </application>
222
223</manifest>